Crashlog created at 2013-06-10 23:22:19 -0700

===== MESSAGE:

LoadError: cannot load such file -- kramdown
Install the 'kramdown' gem using `gem install kramdown`.

===== COMPILATION STACK:

  - [item]   /academics/ (rep default)

===== STACK TRACE:

  0. /Users/julia/.rvm/rubies/ruby-1.9.3-p327/lib/ruby/site_ruby/1.9.1/rubygems/core_ext/kernel_require.rb:45:in `require'
  1. /Users/julia/.rvm/rubies/ruby-1.9.3-p327/lib/ruby/site_ruby/1.9.1/rubygems/core_ext/kernel_require.rb:45:in `require'
  2. /Users/julia/.rvm/gems/ruby-1.9.3-p327/gems/nanoc-3.6.4/lib/nanoc/base/compilation/filter.rb:100:in `block in setup'
  3. /Users/julia/.rvm/gems/ruby-1.9.3-p327/gems/nanoc-3.6.4/lib/nanoc/base/compilation/filter.rb:100:in `each'
  4. /Users/julia/.rvm/gems/ruby-1.9.3-p327/gems/nanoc-3.6.4/lib/nanoc/base/compilation/filter.rb:100:in `setup'
  5. /Users/julia/.rvm/gems/ruby-1.9.3-p327/gems/nanoc-3.6.4/lib/nanoc/base/compilation/filter.rb:121:in `setup_and_run'
  6. /Users/julia/.rvm/gems/ruby-1.9.3-p327/gems/nanoc-3.6.4/lib/nanoc/base/result_data/item_rep.rb:344:in `filter'
  7. /Users/julia/.rvm/gems/ruby-1.9.3-p327/gems/nanoc-3.6.4/lib/nanoc/base/compilation/item_rep_proxy.rb:47:in `filter'
  8. /Users/julia/.rvm/gems/ruby-1.9.3-p327/gems/nanoc-3.6.4/lib/nanoc/base/compilation/rule_context.rb:55:in `filter'
  9. ./Rules:35:in `block in load'
  10. /Users/julia/.rvm/gems/ruby-1.9.3-p327/gems/nanoc-3.6.4/lib/nanoc/base/compilation/rule.rb:68:in `instance_eval'
  11. /Users/julia/.rvm/gems/ruby-1.9.3-p327/gems/nanoc-3.6.4/lib/nanoc/base/compilation/rule.rb:68:in `apply_to'
  12. /Users/julia/.rvm/gems/ruby-1.9.3-p327/gems/nanoc-3.6.4/lib/nanoc/base/compilation/compiler.rb:384:in `compile_rep'
  13. /Users/julia/.rvm/gems/ruby-1.9.3-p327/gems/nanoc-3.6.4/lib/nanoc/base/compilation/compiler.rb:340:in `block in compile_reps'
  14. /Users/julia/.rvm/gems/ruby-1.9.3-p327/gems/nanoc-3.6.4/lib/nanoc/base/compilation/compiler.rb:333:in `loop'
  15. /Users/julia/.rvm/gems/ruby-1.9.3-p327/gems/nanoc-3.6.4/lib/nanoc/base/compilation/compiler.rb:333:in `compile_reps'
  16. /Users/julia/.rvm/gems/ruby-1.9.3-p327/gems/nanoc-3.6.4/lib/nanoc/base/compilation/compiler.rb:89:in `run'
  17. /Users/julia/.rvm/gems/ruby-1.9.3-p327/gems/nanoc-3.6.4/lib/nanoc/base/source_data/site.rb:58:in `compile'
  18. /Users/julia/.rvm/gems/ruby-1.9.3-p327/gems/nanoc-3.6.4/lib/nanoc/cli/commands/compile.rb:363:in `block in run'
  19. /Users/julia/.rvm/gems/ruby-1.9.3-p327/gems/nanoc-3.6.4/lib/nanoc/cli/commands/compile.rb:404:in `run_listeners_while'
  20. /Users/julia/.rvm/gems/ruby-1.9.3-p327/gems/nanoc-3.6.4/lib/nanoc/cli/commands/compile.rb:362:in `run'
  21. /Users/julia/.rvm/gems/ruby-1.9.3-p327/gems/nanoc-3.6.4/lib/nanoc/cli/command_runner.rb:14:in `block in call'
  22. /Users/julia/.rvm/gems/ruby-1.9.3-p327/gems/nanoc-3.6.4/lib/nanoc/cli/error_handler.rb:70:in `handle_while'
  23. /Users/julia/.rvm/gems/ruby-1.9.3-p327/gems/nanoc-3.6.4/lib/nanoc/cli/error_handler.rb:26:in `handle_while'
  24. /Users/julia/.rvm/gems/ruby-1.9.3-p327/gems/nanoc-3.6.4/lib/nanoc/cli/command_runner.rb:13:in `call'
  25. /Users/julia/.rvm/gems/ruby-1.9.3-p327/gems/cri-2.3.0/lib/cri/command_dsl.rb:185:in `block in runner'
  26. /Users/julia/.rvm/gems/ruby-1.9.3-p327/gems/cri-2.3.0/lib/cri/command.rb:296:in `call'
  27. /Users/julia/.rvm/gems/ruby-1.9.3-p327/gems/cri-2.3.0/lib/cri/command.rb:296:in `run_this'
  28. /Users/julia/.rvm/gems/ruby-1.9.3-p327/gems/cri-2.3.0/lib/cri/command.rb:249:in `run'
  29. /Users/julia/.rvm/gems/ruby-1.9.3-p327/gems/nanoc-3.6.4/lib/nanoc/cli/commands/nanoc.rb:39:in `block in define'
  30. /Users/julia/.rvm/gems/ruby-1.9.3-p327/gems/cri-2.3.0/lib/cri/command.rb:296:in `call'
  31. /Users/julia/.rvm/gems/ruby-1.9.3-p327/gems/cri-2.3.0/lib/cri/command.rb:296:in `run_this'
  32. /Users/julia/.rvm/gems/ruby-1.9.3-p327/gems/cri-2.3.0/lib/cri/command.rb:249:in `run'
  33. /Users/julia/.rvm/gems/ruby-1.9.3-p327/gems/nanoc-3.6.4/lib/nanoc/cli.rb:52:in `block in run'
  34. /Users/julia/.rvm/gems/ruby-1.9.3-p327/gems/nanoc-3.6.4/lib/nanoc/cli/error_handler.rb:70:in `handle_while'
  35. /Users/julia/.rvm/gems/ruby-1.9.3-p327/gems/nanoc-3.6.4/lib/nanoc/cli/error_handler.rb:26:in `handle_while'
  36. /Users/julia/.rvm/gems/ruby-1.9.3-p327/gems/nanoc-3.6.4/lib/nanoc/cli.rb:50:in `run'
  37. /Users/julia/.rvm/gems/ruby-1.9.3-p327/gems/nanoc-3.6.4/bin/nanoc:19:in `<top (required)>'
  38. /Users/julia/.rvm/gems/ruby-1.9.3-p327/bin/nanoc:23:in `load'
  39. /Users/julia/.rvm/gems/ruby-1.9.3-p327/bin/nanoc:23:in `<main>'
  40. /Users/julia/.rvm/gems/ruby-1.9.3-p327/bin/ruby_noexec_wrapper:14:in `eval'
  ... 43 more lines omitted. See full crash log for details.

===== VERSION INFORMATION:

nanoc 3.6.4 © 2007-2013 Denis Defreyne.
Running ruby 1.9.3 (2012-11-10) on x86_64-darwin12.0.0 with RubyGems 2.0.3.

===== SYSTEM INFORMATION:

Darwin pink168-pc 12.3.0 Darwin Kernel Version 12.3.0: Sun Jan  6 22:37:10 PST 2013; root:xnu-2050.22.13~1/RELEASE_X86_64 x86_64

===== INSTALLED GEMS:

  actionmailer 3.2.1, 3.2.3, 3.2.8, 3.2.9, 3.2.11, 3.2.12, 3.2.13
  actionpack 3.2.1, 3.2.3, 3.2.8, 3.2.9, 3.2.11, 3.2.12, 3.2.13
  activemodel 3.2.1, 3.2.3, 3.2.8, 3.2.9, 3.2.11, 3.2.12, 3.2.13
  activerecord 3.2.1, 3.2.3, 3.2.8, 3.2.9, 3.2.11, 3.2.12, 3.2.13
  activerecord-import 0.3.1
  activeresource 3.2.1, 3.2.3, 3.2.8, 3.2.9, 3.2.11, 3.2.12, 3.2.13
  activesupport 3.2.1, 3.2.3, 3.2.8, 3.2.9, 3.2.11, 3.2.12, 3.2.13
  addressable 2.2.7, 2.3.2, 2.3.3, 2.3.4
  adsf 1.1.1
  arel 3.0.2
  authlogic 3.2.0
  awesome_print 1.0.2, 1.1.0
  bcrypt-ruby 3.0.1
  better_errors 0.6.0, 0.7.0, 0.7.2, 0.8.0
  binding_of_caller 0.7.1
  bourne 1.1.2, 1.2.1, 1.4.0
  builder 3.0.0, 3.0.4
  bundle 0.0.1
  bundler 1.2.3, 1.3.5
  bundler-unload 1.0.1
  cancan 1.6.7, 1.6.8, 1.6.9, 1.6.10
  capybara 1.1.2, 2.0.2, 2.1.0
  carrierwave 0.6.2, 0.8.0
  chattyproc 1.0.0
  childprocess 0.3.1, 0.3.5, 0.3.6, 0.3.9
  choice 0.1.6
  chronic 0.6.7, 0.7.0, 0.9.0, 0.9.1
  coderay 1.0.8, 1.0.9
  coffee-rails 3.2.2
  coffee-script 2.2.0
  coffee-script-source 1.3.1, 1.3.3, 1.4.0, 1.5.0, 1.6.1, 1.6.2
  colored 1.2
  commonjs 0.2.6
  contextio 0.4.0
  cri 2.3.0
  cucumber 1.1.9, 1.2.1, 1.2.3, 1.3.2
  cucumber-rails 1.3.0, 1.3.1
  daemons 1.1.9
  database_cleaner 0.7.2, 0.8.0, 0.9.1, 1.0.1
  debug_inspector 0.0.2
  devise 2.1.2, 2.2.3, 2.2.4
  diff-lcs 1.1.3, 1.2.1, 1.2.4
  email_spec 1.2.1, 1.4.0
  erubis 2.7.0
  eventmachine 1.0.0, 1.0.3
  excon 0.16.10
  execjs 1.3.0, 1.4.0
  factory_girl 3.1.0, 4.0.0, 4.1.0, 4.2.0
  factory_girl_rails 3.1.0, 4.0.0, 4.1.0, 4.2.1
  faker 1.0.1, 1.1.2
  faraday 0.8.5, 0.8.6
  ffi 1.0.11, 1.1.5, 1.3.0, 1.4.0
  foreman 0.60.2
  geokit 1.6.5
  gherkin 2.9.3, 2.11.1, 2.11.5, 2.11.6, 2.12.0
  gmaps4rails 1.4.8, 1.5.6
  google-webfonts 0.1.2
  googlecharts 1.6.8
  heroku 2.35.0
  heroku-api 0.3.7, 0.3.8
  hike 1.2.1, 1.2.2, 1.2.3
  hirb 0.6.2, 0.7.0, 0.7.1
  httpclient 2.3.0.1
  i18n 0.6.0, 0.6.1, 0.6.2, 0.6.4
  ice_cube 0.9.3
  journey 1.0.3, 1.0.4
  jquery-rails 2.0.2, 2.2.1, 3.0.0
  jquery-ui-rails 0.4.0, 1.1.0, 3.0.0, 4.0.1, 4.0.3
  json 1.6.6, 1.7.4, 1.7.5, 1.7.7, 1.8.0
  json_pure 1.7.4, 1.8.0
  koala 1.6.0
  kramdown 0.14.1
  launchy 2.1.0, 2.1.2, 2.2.0, 2.3.0
  less 2.2.1, 2.2.2, 2.3.1
  less-rails 2.2.2, 2.2.3, 2.2.6, 2.3.2
  libv8 3.3.10.4, 3.11.8.3, 3.11.8.4, 3.11.8.13, 3.11.8.13, 3.11.8.17
  libwebsocket 0.1.5, 0.1.7.1
  mail 2.4.4, 2.5.4
  metaclass 0.0.1
  mime-types 1.18, 1.19, 1.21, 1.22, 1.23
  minitest 2.11.4, 4.3.3
  mocha 0.10.5, 0.12.3, 0.12.7, 0.13.3, 0.14.0
  multi_json 1.2.0, 1.3.6, 1.4.0, 1.5.0, 1.6.1, 1.7.0, 1.7.2, 1.7.3, 1.7.6
  multipart-post 1.1.5
  nanoc 3.6.4
  netrc 0.7.7
  nifty-generators 0.4.6
  nokogiri 1.5.2, 1.5.5, 1.5.6, 1.5.9
  oauth 0.4.7
  on_the_spot 1.0.1
  orm_adapter 0.4.0
  pg 0.14.0, 0.14.1, 0.15.0, 0.15.1
  polyglot 0.3.3
  populator 1.0.0
  populator3 0.2.7
  rack 1.4.1, 1.4.5
  rack-cache 1.2
  rack-ssl 1.3.2, 1.3.3
  rack-test 0.6.1, 0.6.2
  rails 3.2.1, 3.2.3, 3.2.8, 3.2.9, 3.2.11, 3.2.12, 3.2.13
  rails-erd 1.0.0, 1.1.0
  railties 3.2.1, 3.2.3, 3.2.8, 3.2.9, 3.2.11, 3.2.12, 3.2.13
  rake 0.9.2.2, 10.0.2, 10.0.3, 10.0.4
  rdoc 3.12, 3.12.1, 3.12.2
  ref 1.0.0, 1.0.2, 1.0.4, 1.0.5
  rest-client 1.6.7
  rspec 2.9.0, 2.11.0
  rspec-core 2.9.0, 2.11.1
  rspec-expectations 2.9.1, 2.11.2
  rspec-mocks 2.9.0, 2.11.1
  ruby-graphviz 1.0.8, 1.0.9
  rubygems-bundler 1.1.0, 1.2.0
  rubygems-update 2.0.3
  rubyzip 0.9.7, 0.9.9
  rvm 1.11.3.5
  sass 3.1.15, 3.1.20, 3.2.5, 3.2.6, 3.2.7, 3.2.8, 3.2.9
  sass-rails 3.2.5, 3.2.6
  selenium-webdriver 2.20.0, 2.25.0, 2.27.2, 2.31.0
  shoulda 2.11.3, 3.0.1, 3.1.1, 3.3.0, 3.3.2, 3.4.0, 3.5.0
  shoulda-context 1.0.0, 1.0.2, 1.1.0, 1.1.2
  shoulda-matchers 1.0.0, 1.2.0, 1.4.2, 1.5.0, 1.5.4, 1.5.6, 2.0.0, 2.1.0
  simple_form 2.0.1, 2.0.2, 2.0.4, 2.1.0
  simplecov 0.6.1, 0.6.4, 0.7.1
  simplecov-html 0.5.3, 0.7.1
  single_test 0.5.2
  smusher 0.4.9
  sprockets 2.1.2, 2.1.3, 2.2.2
  sqlite3 1.3.5, 1.3.7
  tconsole 1.1.1, 1.2.8
  term-ansicolor 1.0.7
  therubyracer 0.10.2, 0.11.0beta7, 0.11.0, 0.11.1, 0.11.3, 0.11.4
  thin 1.5.0
  thor 0.14.6, 0.16.0, 0.17.0, 0.18.0, 0.18.1
  tilt 1.3.3, 1.3.5, 1.3.6, 1.3.7, 1.4.1
  timeliness 0.3.6, 0.3.7
  treetop 1.4.10, 1.4.12, 1.4.14
  twitter-bootstrap-rails 2.0.6, 2.2.0, 2.2.4, 2.2.6
  tzinfo 0.3.33, 0.3.35, 0.3.37
  uglifier 1.2.4, 1.2.7, 1.3.0, 2.0.1, 2.1.0, 2.1.1
  validates_timeliness 3.0.11, 3.0.12, 3.0.14
  warden 1.2.1
  websocket 1.0.6, 1.0.7
  will_paginate 3.0.3, 3.0.4
  wirble 0.1.3
  xpath 0.1.4, 1.0.0, 2.0.0

===== ENVIRONMENT:

Apple_PubSub_Socket_Render => "/tmp/launch-27qFnL/Render"
Apple_Ubiquity_Message => "/tmp/launch-49IF1Q/Apple_Ubiquity_Message"
COMMAND_MODE => "unix2003"
GEM_HOME => "/Users/julia/.rvm/gems/ruby-1.9.3-p327"
GEM_PATH => "/Users/julia/.rvm/gems/ruby-1.9.3-p327:/Users/julia/.rvm/gems/ruby-1.9.3-p327@global"
HOME => "/Users/julia"
IRBRC => "/Users/julia/.rvm/rubies/ruby-1.9.3-p327/.irbrc"
LANG => "en_US.UTF-8"
LOGNAME => "julia"
MY_RUBY_HOME => "/Users/julia/.rvm/rubies/ruby-1.9.3-p327"
OLDPWD => "/Users/julia"
PATH => "/usr/local/heroku/bin:/usr/local/bin:/Users/julia/.rvm/gems/ruby-1.9.3-p327/bin:/Users/julia/.rvm/gems/ruby-1.9.3-p327@global/bin:/Users/julia/.rvm/rubies/ruby-1.9.3-p327/bin:/Users/julia/.rvm/bin:/usr/local/bin:/usr/local/bin:/usr/bin:/bin:/usr/sbin:/sbin:/usr/local/bin:/usr/local/git/bin:/Users/julia/.rvm/bin"
PWD => "/Users/julia/Dropbox/Public/axo"
RUBY_VERSION => "ruby-1.9.3-p327"
SHELL => "/bin/zsh"
SHLVL => "1"
SSH_AUTH_SOCK => "/tmp/launch-9TKGpj/Listeners"
TERM => "xterm-256color"
TERM_PROGRAM => "Apple_Terminal"
TERM_PROGRAM_VERSION => "309"
TERM_SESSION_ID => "5305360D-5BF6-47C7-BBC7-B84CC07830DE"
TMPDIR => "/var/folders/_v/vm265dk54g3cz6t318tvss6r0000gn/T/"
USER => "julia"
_ => "/Users/julia/.rvm/gems/ruby-1.9.3-p327/bin/nanoc"
_ORIGINAL_GEM_PATH => "/Users/julia/.rvm/gems/ruby-1.9.3-p327:/Users/julia/.rvm/gems/ruby-1.9.3-p327@global"
__CF_USER_TEXT_ENCODING => "0x1F5:0:0"
__array_start => "1"
_first => "1"
_second => "2"
escape_flag => "1"
rvm_alias_expanded => ""
rvm_bin_path => "/Users/julia/.rvm/bin"
rvm_docs_type => ""
rvm_gemstone_package_file => ""
rvm_gemstone_url => ""
rvm_hook => ""
rvm_niceness => ""
rvm_nightly_flag => ""
rvm_path => "/Users/julia/.rvm"
rvm_prefix => "/Users/julia"
rvm_proxy => ""
rvm_quiet_flag => ""
rvm_ruby_file => ""
rvm_ruby_make => ""
rvm_ruby_make_install => ""
rvm_ruby_mode => ""
rvm_script_name => ""
rvm_sdk => ""
rvm_silent_flag => ""
rvm_version => "1.17.2 (stable)"
rvm_wrapper_name => ""

===== LOAD PATHS:

  0. /Users/julia/.rvm/gems/ruby-1.9.3-p327/gems/nanoc-3.6.4/lib
  1. /Users/julia/.rvm/gems/ruby-1.9.3-p327/gems/bundler-unload-1.0.1/lib
  2. /Users/julia/.rvm/gems/ruby-1.9.3-p327/gems/rubygems-bundler-1.2.0/lib
  3. /Users/julia/.rvm/gems/ruby-1.9.3-p327/gems/bundler-1.3.5/lib
  4. /Users/julia/.rvm/gems/ruby-1.9.3-p327/gems/colored-1.2/lib
  5. /Users/julia/.rvm/gems/ruby-1.9.3-p327/gems/cri-2.3.0/lib
  6. /Users/julia/.rvm/gems/ruby-1.9.3-p327/gems/nanoc-3.6.4/lib
  7. /Users/julia/.rvm/rubies/ruby-1.9.3-p327/lib/ruby/site_ruby/1.9.1
  8. /Users/julia/.rvm/rubies/ruby-1.9.3-p327/lib/ruby/site_ruby/1.9.1/x86_64-darwin12.0.0
  9. /Users/julia/.rvm/rubies/ruby-1.9.3-p327/lib/ruby/site_ruby
  10. /Users/julia/.rvm/rubies/ruby-1.9.3-p327/lib/ruby/vendor_ruby/1.9.1
  11. /Users/julia/.rvm/rubies/ruby-1.9.3-p327/lib/ruby/vendor_ruby/1.9.1/x86_64-darwin12.0.0
  12. /Users/julia/.rvm/rubies/ruby-1.9.3-p327/lib/ruby/vendor_ruby
  13. /Users/julia/.rvm/rubies/ruby-1.9.3-p327/lib/ruby/1.9.1
  14. /Users/julia/.rvm/rubies/ruby-1.9.3-p327/lib/ruby/1.9.1/x86_64-darwin12.0.0
